2021-03-19 16:28:36, git.cmd     , cmd, execute, 721, DEBUG   :  Popen(['git', 'version'], cwd=C:\Users\juanlazarde\Documents\Python Scripts\candlestick screener, universal_newlines=False, shell=None, istream=None)
2021-03-19 16:28:36, git.cmd     , cmd, execute, 721, DEBUG   :  Popen(['git', 'rev-parse', '--show-toplevel'], cwd=C:\Users\juanlazarde\Documents\Python Scripts\candlestick screener, universal_newlines=False, shell=None, istream=None)
2021-03-19 16:28:36, git.cmd     , cmd, execute, 721, DEBUG   :  Popen(['git', 'remote', 'get-url', '--all', 'origin'], cwd=C:\Users\juanlazarde\Documents\Python Scripts\candlestick screener, universal_newlines=False, shell=None, istream=None)
2021-03-19 16:28:45, git.cmd     , cmd, execute, 721, DEBUG   :  Popen(['git', 'version'], cwd=C:\Users\juanlazarde\Documents\Python Scripts\candlestick screener, universal_newlines=False, shell=None, istream=None)
2021-03-19 16:28:45, git.cmd     , cmd, execute, 721, DEBUG   :  Popen(['git', 'rev-parse', '--show-toplevel'], cwd=C:\Users\juanlazarde\Documents\Python Scripts\candlestick screener, universal_newlines=False, shell=None, istream=None)
2021-03-19 16:28:45, git.cmd     , cmd, execute, 721, DEBUG   :  Popen(['git', 'remote', 'get-url', '--all', 'origin'], cwd=C:\Users\juanlazarde\Documents\Python Scripts\candlestick screener, universal_newlines=False, shell=None, istream=None)
2021-03-19 16:28:45, psaw.PushshiftAPI, PushshiftAPI, __init__, 93, DEBUG   :  Connecting to /meta endpoint to learn rate limit.
2021-03-19 16:28:45, psaw.PushshiftAPI, PushshiftAPI, _get, 175, DEBUG   :  URL: https://api.pushshift.io/meta
2021-03-19 16:28:45, psaw.PushshiftAPI, PushshiftAPI, _get, 176, DEBUG   :  Payload: {}
2021-03-19 16:28:45, urllib3.connectionpool, connectionpool, _new_conn, 971, DEBUG   :  Starting new HTTPS connection (1): api.pushshift.io:443
2021-03-19 16:28:45, urllib3.connectionpool, connectionpool, _make_request, 452, DEBUG   :  https://api.pushshift.io:443 "GET /meta HTTP/1.1" 200 None
2021-03-19 16:28:45, psaw.PushshiftAPI, PushshiftAPI, _get, 185, INFO    :  https://api.pushshift.io/meta
2021-03-19 16:28:45, psaw.PushshiftAPI, PushshiftAPI, _get, 186, DEBUG   :  Response status code: 200
2021-03-19 16:28:45, psaw.PushshiftAPI, PushshiftAPI, __init__, 96, DEBUG   :  server_ratelimit_per_minute: 120
2021-03-19 16:28:45, psaw.PushshiftAPI, PushshiftAPI, _get, 175, DEBUG   :  URL: https://api.pushshift.io/reddit/submission/search
2021-03-19 16:28:45, psaw.PushshiftAPI, PushshiftAPI, _get, 176, DEBUG   :  Payload: {'after': 1613710800, 'subreddit': 'wallstreetbets', 'filter': ['url', 'title', 'subreddit', 'created_utc'], 'limit': 1000, 'metadata': 'true', 'sort': 'desc'}
2021-03-19 16:28:45, urllib3.connectionpool, connectionpool, _new_conn, 971, DEBUG   :  Starting new HTTPS connection (1): api.pushshift.io:443
2021-03-19 16:28:45, urllib3.connectionpool, connectionpool, _make_request, 452, DEBUG   :  https://api.pushshift.io:443 "GET /reddit/submission/search?after=1613710800&subreddit=wallstreetbets&filter=url&filter=title&filter=subreddit&filter=created_utc&limit=1000&metadata=true&sort=desc HTTP/1.1" 200 None
2021-03-19 16:28:45, psaw.PushshiftAPI, PushshiftAPI, _get, 185, INFO    :  https://api.pushshift.io/reddit/submission/search?after=1613710800&subreddit=wallstreetbets&filter=url&filter=title&filter=subreddit&filter=created_utc&limit=1000&metadata=true&sort=desc
2021-03-19 16:28:45, psaw.PushshiftAPI, PushshiftAPI, _get, 186, DEBUG   :  Response status code: 200
2021-03-19 16:28:45, psaw.PushshiftAPI, PushshiftAPI, _search, 246, DEBUG   :  Metadata: {'after': 1613710800, 'agg_size': 100, 'api_version': '3.0', 'before': None, 'es_query': {'query': {'bool': {'filter': {'bool': {'must': [{'terms': {'subreddit': ['wallstreetbets']}}, {'range': {'created_utc': {'gt': 1613710800}}}], 'should': []}}, 'must_not': []}}, 'size': 100, 'sort': {'created_utc': 'desc'}}, 'execution_time_milliseconds': 76.04, 'filter': ['url', 'title', 'subreddit', 'created_utc'], 'index': 'rs_deltae', 'limit': '1000', 'metadata': 'true', 'ranges': [{'range': {'created_utc': {'gt': 1613710800}}}], 'results_returned': 100, 'shards': {'failed': 0, 'skipped': 0, 'successful': 4, 'total': 4}, 'size': 100, 'sort': 'desc', 'sort_type': 'created_utc', 'subreddit': ['wallstreetbets'], 'timed_out': False, 'total_results': 124329}
2021-03-19 16:28:45, psaw.PushshiftAPI, PushshiftAPI, _get, 175, DEBUG   :  URL: https://api.pushshift.io/reddit/submission/search
2021-03-19 16:28:45, psaw.PushshiftAPI, PushshiftAPI, _get, 176, DEBUG   :  Payload: {'after': 1613710800, 'subreddit': 'wallstreetbets', 'filter': ['url', 'title', 'subreddit', 'created_utc'], 'limit': 900, 'metadata': 'true', 'sort': 'desc', 'before': 1615999835}
2021-03-19 16:28:45, urllib3.connectionpool, connectionpool, _new_conn, 971, DEBUG   :  Starting new HTTPS connection (1): api.pushshift.io:443
2021-03-19 16:28:46, urllib3.connectionpool, connectionpool, _make_request, 452, DEBUG   :  https://api.pushshift.io:443 "GET /reddit/submission/search?after=1613710800&subreddit=wallstreetbets&filter=url&filter=title&filter=subreddit&filter=created_utc&limit=900&metadata=true&sort=desc&before=1615999835 HTTP/1.1" 200 None
2021-03-19 16:28:46, psaw.PushshiftAPI, PushshiftAPI, _get, 185, INFO    :  https://api.pushshift.io/reddit/submission/search?after=1613710800&subreddit=wallstreetbets&filter=url&filter=title&filter=subreddit&filter=created_utc&limit=900&metadata=true&sort=desc&before=1615999835
2021-03-19 16:28:46, psaw.PushshiftAPI, PushshiftAPI, _get, 186, DEBUG   :  Response status code: 200
2021-03-19 16:28:46, psaw.PushshiftAPI, PushshiftAPI, _search, 246, DEBUG   :  Metadata: {'after': 1613710800, 'agg_size': 100, 'api_version': '3.0', 'before': 1615999835, 'es_query': {'query': {'bool': {'filter': {'bool': {'must': [{'terms': {'subreddit': ['wallstreetbets']}}, {'range': {'created_utc': {'gt': 1613710800}}}, {'range': {'created_utc': {'lt': 1615999835}}}], 'should': []}}, 'must_not': []}}, 'size': 100, 'sort': {'created_utc': 'desc'}}, 'execution_time_milliseconds': 69.77, 'filter': ['url', 'title', 'subreddit', 'created_utc'], 'index': 'rs_deltae', 'limit': '900', 'metadata': 'true', 'ranges': [{'range': {'created_utc': {'gt': 1613710800}}}, {'range': {'created_utc': {'lt': 1615999835}}}], 'results_returned': 100, 'shards': {'failed': 0, 'skipped': 0, 'successful': 4, 'total': 4}, 'size': 100, 'sort': 'desc', 'sort_type': 'created_utc', 'subreddit': ['wallstreetbets'], 'timed_out': False, 'total_results': 124229}
2021-03-19 16:28:46, psaw.PushshiftAPI, PushshiftAPI, _get, 175, DEBUG   :  URL: https://api.pushshift.io/reddit/submission/search
2021-03-19 16:28:46, psaw.PushshiftAPI, PushshiftAPI, _get, 176, DEBUG   :  Payload: {'after': 1613710800, 'subreddit': 'wallstreetbets', 'filter': ['url', 'title', 'subreddit', 'created_utc'], 'limit': 800, 'metadata': 'true', 'sort': 'desc', 'before': 1615998392}
2021-03-19 16:28:46, urllib3.connectionpool, connectionpool, _new_conn, 971, DEBUG   :  Starting new HTTPS connection (1): api.pushshift.io:443
2021-03-19 16:28:46, urllib3.connectionpool, connectionpool, _make_request, 452, DEBUG   :  https://api.pushshift.io:443 "GET /reddit/submission/search?after=1613710800&subreddit=wallstreetbets&filter=url&filter=title&filter=subreddit&filter=created_utc&limit=800&metadata=true&sort=desc&before=1615998392 HTTP/1.1" 200 None
2021-03-19 16:28:46, psaw.PushshiftAPI, PushshiftAPI, _get, 185, INFO    :  https://api.pushshift.io/reddit/submission/search?after=1613710800&subreddit=wallstreetbets&filter=url&filter=title&filter=subreddit&filter=created_utc&limit=800&metadata=true&sort=desc&before=1615998392
2021-03-19 16:28:46, psaw.PushshiftAPI, PushshiftAPI, _get, 186, DEBUG   :  Response status code: 200
2021-03-19 16:28:46, psaw.PushshiftAPI, PushshiftAPI, _search, 246, DEBUG   :  Metadata: {'after': 1613710800, 'agg_size': 100, 'api_version': '3.0', 'before': 1615998392, 'es_query': {'query': {'bool': {'filter': {'bool': {'must': [{'terms': {'subreddit': ['wallstreetbets']}}, {'range': {'created_utc': {'gt': 1613710800}}}, {'range': {'created_utc': {'lt': 1615998392}}}], 'should': []}}, 'must_not': []}}, 'size': 100, 'sort': {'created_utc': 'desc'}}, 'execution_time_milliseconds': 33.23, 'filter': ['url', 'title', 'subreddit', 'created_utc'], 'index': 'rs_deltae', 'limit': '800', 'metadata': 'true', 'ranges': [{'range': {'created_utc': {'gt': 1613710800}}}, {'range': {'created_utc': {'lt': 1615998392}}}], 'results_returned': 100, 'shards': {'failed': 0, 'skipped': 0, 'successful': 4, 'total': 4}, 'size': 100, 'sort': 'desc', 'sort_type': 'created_utc', 'subreddit': ['wallstreetbets'], 'timed_out': False, 'total_results': 124129}
2021-03-19 16:28:46, psaw.PushshiftAPI, PushshiftAPI, _get, 175, DEBUG   :  URL: https://api.pushshift.io/reddit/submission/search
2021-03-19 16:28:46, psaw.PushshiftAPI, PushshiftAPI, _get, 176, DEBUG   :  Payload: {'after': 1613710800, 'subreddit': 'wallstreetbets', 'filter': ['url', 'title', 'subreddit', 'created_utc'], 'limit': 700, 'metadata': 'true', 'sort': 'desc', 'before': 1615996713}
2021-03-19 16:28:46, urllib3.connectionpool, connectionpool, _new_conn, 971, DEBUG   :  Starting new HTTPS connection (1): api.pushshift.io:443
2021-03-19 16:28:46, urllib3.connectionpool, connectionpool, _make_request, 452, DEBUG   :  https://api.pushshift.io:443 "GET /reddit/submission/search?after=1613710800&subreddit=wallstreetbets&filter=url&filter=title&filter=subreddit&filter=created_utc&limit=700&metadata=true&sort=desc&before=1615996713 HTTP/1.1" 200 None
2021-03-19 16:28:46, psaw.PushshiftAPI, PushshiftAPI, _get, 185, INFO    :  https://api.pushshift.io/reddit/submission/search?after=1613710800&subreddit=wallstreetbets&filter=url&filter=title&filter=subreddit&filter=created_utc&limit=700&metadata=true&sort=desc&before=1615996713
2021-03-19 16:28:46, psaw.PushshiftAPI, PushshiftAPI, _get, 186, DEBUG   :  Response status code: 200
2021-03-19 16:28:46, psaw.PushshiftAPI, PushshiftAPI, _search, 246, DEBUG   :  Metadata: {'after': 1613710800, 'agg_size': 100, 'api_version': '3.0', 'before': 1615996713, 'es_query': {'query': {'bool': {'filter': {'bool': {'must': [{'terms': {'subreddit': ['wallstreetbets']}}, {'range': {'created_utc': {'gt': 1613710800}}}, {'range': {'created_utc': {'lt': 1615996713}}}], 'should': []}}, 'must_not': []}}, 'size': 100, 'sort': {'created_utc': 'desc'}}, 'execution_time_milliseconds': 46.62, 'filter': ['url', 'title', 'subreddit', 'created_utc'], 'index': 'rs_deltae', 'limit': '700', 'metadata': 'true', 'ranges': [{'range': {'created_utc': {'gt': 1613710800}}}, {'range': {'created_utc': {'lt': 1615996713}}}], 'results_returned': 100, 'shards': {'failed': 0, 'skipped': 0, 'successful': 4, 'total': 4}, 'size': 100, 'sort': 'desc', 'sort_type': 'created_utc', 'subreddit': ['wallstreetbets'], 'timed_out': False, 'total_results': 124029}
2021-03-19 16:28:46, psaw.PushshiftAPI, PushshiftAPI, _get, 175, DEBUG   :  URL: https://api.pushshift.io/reddit/submission/search
2021-03-19 16:28:46, psaw.PushshiftAPI, PushshiftAPI, _get, 176, DEBUG   :  Payload: {'after': 1613710800, 'subreddit': 'wallstreetbets', 'filter': ['url', 'title', 'subreddit', 'created_utc'], 'limit': 600, 'metadata': 'true', 'sort': 'desc', 'before': 1615995239}
2021-03-19 16:28:46, urllib3.connectionpool, connectionpool, _new_conn, 971, DEBUG   :  Starting new HTTPS connection (1): api.pushshift.io:443
2021-03-19 16:28:46, urllib3.connectionpool, connectionpool, _make_request, 452, DEBUG   :  https://api.pushshift.io:443 "GET /reddit/submission/search?after=1613710800&subreddit=wallstreetbets&filter=url&filter=title&filter=subreddit&filter=created_utc&limit=600&metadata=true&sort=desc&before=1615995239 HTTP/1.1" 200 None
2021-03-19 16:28:46, psaw.PushshiftAPI, PushshiftAPI, _get, 185, INFO    :  https://api.pushshift.io/reddit/submission/search?after=1613710800&subreddit=wallstreetbets&filter=url&filter=title&filter=subreddit&filter=created_utc&limit=600&metadata=true&sort=desc&before=1615995239
2021-03-19 16:28:46, psaw.PushshiftAPI, PushshiftAPI, _get, 186, DEBUG   :  Response status code: 200
2021-03-19 16:28:46, psaw.PushshiftAPI, PushshiftAPI, _search, 246, DEBUG   :  Metadata: {'after': 1613710800, 'agg_size': 100, 'api_version': '3.0', 'before': 1615995239, 'es_query': {'query': {'bool': {'filter': {'bool': {'must': [{'terms': {'subreddit': ['wallstreetbets']}}, {'range': {'created_utc': {'gt': 1613710800}}}, {'range': {'created_utc': {'lt': 1615995239}}}], 'should': []}}, 'must_not': []}}, 'size': 100, 'sort': {'created_utc': 'desc'}}, 'execution_time_milliseconds': 37.14, 'filter': ['url', 'title', 'subreddit', 'created_utc'], 'index': 'rs_deltae', 'limit': '600', 'metadata': 'true', 'ranges': [{'range': {'created_utc': {'gt': 1613710800}}}, {'range': {'created_utc': {'lt': 1615995239}}}], 'results_returned': 100, 'shards': {'failed': 0, 'skipped': 0, 'successful': 4, 'total': 4}, 'size': 100, 'sort': 'desc', 'sort_type': 'created_utc', 'subreddit': ['wallstreetbets'], 'timed_out': False, 'total_results': 123929}
2021-03-19 16:28:46, psaw.PushshiftAPI, PushshiftAPI, _get, 175, DEBUG   :  URL: https://api.pushshift.io/reddit/submission/search
2021-03-19 16:28:46, psaw.PushshiftAPI, PushshiftAPI, _get, 176, DEBUG   :  Payload: {'after': 1613710800, 'subreddit': 'wallstreetbets', 'filter': ['url', 'title', 'subreddit', 'created_utc'], 'limit': 500, 'metadata': 'true', 'sort': 'desc', 'before': 1615993716}
2021-03-19 16:28:46, urllib3.connectionpool, connectionpool, _new_conn, 971, DEBUG   :  Starting new HTTPS connection (1): api.pushshift.io:443
2021-03-19 16:28:46, urllib3.connectionpool, connectionpool, _make_request, 452, DEBUG   :  https://api.pushshift.io:443 "GET /reddit/submission/search?after=1613710800&subreddit=wallstreetbets&filter=url&filter=title&filter=subreddit&filter=created_utc&limit=500&metadata=true&sort=desc&before=1615993716 HTTP/1.1" 200 None
2021-03-19 16:28:46, psaw.PushshiftAPI, PushshiftAPI, _get, 185, INFO    :  https://api.pushshift.io/reddit/submission/search?after=1613710800&subreddit=wallstreetbets&filter=url&filter=title&filter=subreddit&filter=created_utc&limit=500&metadata=true&sort=desc&before=1615993716
2021-03-19 16:28:46, psaw.PushshiftAPI, PushshiftAPI, _get, 186, DEBUG   :  Response status code: 200
2021-03-19 16:28:46, psaw.PushshiftAPI, PushshiftAPI, _search, 246, DEBUG   :  Metadata: {'after': 1613710800, 'agg_size': 100, 'api_version': '3.0', 'before': 1615993716, 'es_query': {'query': {'bool': {'filter': {'bool': {'must': [{'terms': {'subreddit': ['wallstreetbets']}}, {'range': {'created_utc': {'gt': 1613710800}}}, {'range': {'created_utc': {'lt': 1615993716}}}], 'should': []}}, 'must_not': []}}, 'size': 100, 'sort': {'created_utc': 'desc'}}, 'execution_time_milliseconds': 28.93, 'filter': ['url', 'title', 'subreddit', 'created_utc'], 'index': 'rs_deltae', 'limit': '500', 'metadata': 'true', 'ranges': [{'range': {'created_utc': {'gt': 1613710800}}}, {'range': {'created_utc': {'lt': 1615993716}}}], 'results_returned': 100, 'shards': {'failed': 0, 'skipped': 0, 'successful': 4, 'total': 4}, 'size': 100, 'sort': 'desc', 'sort_type': 'created_utc', 'subreddit': ['wallstreetbets'], 'timed_out': False, 'total_results': 123829}
2021-03-19 16:28:46, psaw.PushshiftAPI, PushshiftAPI, _get, 175, DEBUG   :  URL: https://api.pushshift.io/reddit/submission/search
2021-03-19 16:28:46, psaw.PushshiftAPI, PushshiftAPI, _get, 176, DEBUG   :  Payload: {'after': 1613710800, 'subreddit': 'wallstreetbets', 'filter': ['url', 'title', 'subreddit', 'created_utc'], 'limit': 400, 'metadata': 'true', 'sort': 'desc', 'before': 1615992533}
2021-03-19 16:28:46, urllib3.connectionpool, connectionpool, _new_conn, 971, DEBUG   :  Starting new HTTPS connection (1): api.pushshift.io:443
2021-03-19 16:28:47, urllib3.connectionpool, connectionpool, _make_request, 452, DEBUG   :  https://api.pushshift.io:443 "GET /reddit/submission/search?after=1613710800&subreddit=wallstreetbets&filter=url&filter=title&filter=subreddit&filter=created_utc&limit=400&metadata=true&sort=desc&before=1615992533 HTTP/1.1" 200 None
2021-03-19 16:28:47, psaw.PushshiftAPI, PushshiftAPI, _get, 185, INFO    :  https://api.pushshift.io/reddit/submission/search?after=1613710800&subreddit=wallstreetbets&filter=url&filter=title&filter=subreddit&filter=created_utc&limit=400&metadata=true&sort=desc&before=1615992533
2021-03-19 16:28:47, psaw.PushshiftAPI, PushshiftAPI, _get, 186, DEBUG   :  Response status code: 200
2021-03-19 16:28:47, psaw.PushshiftAPI, PushshiftAPI, _search, 246, DEBUG   :  Metadata: {'after': 1613710800, 'agg_size': 100, 'api_version': '3.0', 'before': 1615992533, 'es_query': {'query': {'bool': {'filter': {'bool': {'must': [{'terms': {'subreddit': ['wallstreetbets']}}, {'range': {'created_utc': {'gt': 1613710800}}}, {'range': {'created_utc': {'lt': 1615992533}}}], 'should': []}}, 'must_not': []}}, 'size': 100, 'sort': {'created_utc': 'desc'}}, 'execution_time_milliseconds': 91.88, 'filter': ['url', 'title', 'subreddit', 'created_utc'], 'index': 'rs_deltae', 'limit': '400', 'metadata': 'true', 'ranges': [{'range': {'created_utc': {'gt': 1613710800}}}, {'range': {'created_utc': {'lt': 1615992533}}}], 'results_returned': 100, 'shards': {'failed': 0, 'skipped': 0, 'successful': 4, 'total': 4}, 'size': 100, 'sort': 'desc', 'sort_type': 'created_utc', 'subreddit': ['wallstreetbets'], 'timed_out': False, 'total_results': 123729}
2021-03-19 16:28:47, psaw.PushshiftAPI, PushshiftAPI, _get, 175, DEBUG   :  URL: https://api.pushshift.io/reddit/submission/search
2021-03-19 16:28:47, psaw.PushshiftAPI, PushshiftAPI, _get, 176, DEBUG   :  Payload: {'after': 1613710800, 'subreddit': 'wallstreetbets', 'filter': ['url', 'title', 'subreddit', 'created_utc'], 'limit': 300, 'metadata': 'true', 'sort': 'desc', 'before': 1615990897}
2021-03-19 16:28:47, urllib3.connectionpool, connectionpool, _new_conn, 971, DEBUG   :  Starting new HTTPS connection (1): api.pushshift.io:443
2021-03-19 16:28:47, urllib3.connectionpool, connectionpool, _make_request, 452, DEBUG   :  https://api.pushshift.io:443 "GET /reddit/submission/search?after=1613710800&subreddit=wallstreetbets&filter=url&filter=title&filter=subreddit&filter=created_utc&limit=300&metadata=true&sort=desc&before=1615990897 HTTP/1.1" 429 185
2021-03-19 16:28:47, psaw.PushshiftAPI, PushshiftAPI, _get, 185, INFO    :  https://api.pushshift.io/reddit/submission/search?after=1613710800&subreddit=wallstreetbets&filter=url&filter=title&filter=subreddit&filter=created_utc&limit=300&metadata=true&sort=desc&before=1615990897
2021-03-19 16:28:47, psaw.PushshiftAPI, PushshiftAPI, _get, 186, DEBUG   :  Response status code: 429
2021-03-19 16:28:47, psaw.PushshiftAPI, PushshiftAPI, _impose_rate_limit, 150, DEBUG   :  Imposing rate limit, sleeping for 2
2021-03-19 16:28:49, urllib3.connectionpool, connectionpool, _new_conn, 971, DEBUG   :  Starting new HTTPS connection (1): api.pushshift.io:443
2021-03-19 16:28:49, urllib3.connectionpool, connectionpool, _make_request, 452, DEBUG   :  https://api.pushshift.io:443 "GET /reddit/submission/search?after=1613710800&subreddit=wallstreetbets&filter=url&filter=title&filter=subreddit&filter=created_utc&limit=300&metadata=true&sort=desc&before=1615990897 HTTP/1.1" 200 None
2021-03-19 16:28:49, psaw.PushshiftAPI, PushshiftAPI, _get, 185, INFO    :  https://api.pushshift.io/reddit/submission/search?after=1613710800&subreddit=wallstreetbets&filter=url&filter=title&filter=subreddit&filter=created_utc&limit=300&metadata=true&sort=desc&before=1615990897
2021-03-19 16:28:49, psaw.PushshiftAPI, PushshiftAPI, _get, 186, DEBUG   :  Response status code: 200
2021-03-19 16:28:49, psaw.PushshiftAPI, PushshiftAPI, _search, 246, DEBUG   :  Metadata: {'after': 1613710800, 'agg_size': 100, 'api_version': '3.0', 'before': 1615990897, 'es_query': {'query': {'bool': {'filter': {'bool': {'must': [{'terms': {'subreddit': ['wallstreetbets']}}, {'range': {'created_utc': {'gt': 1613710800}}}, {'range': {'created_utc': {'lt': 1615990897}}}], 'should': []}}, 'must_not': []}}, 'size': 100, 'sort': {'created_utc': 'desc'}}, 'execution_time_milliseconds': 59.07, 'filter': ['url', 'title', 'subreddit', 'created_utc'], 'index': 'rs_deltae', 'limit': '300', 'metadata': 'true', 'ranges': [{'range': {'created_utc': {'gt': 1613710800}}}, {'range': {'created_utc': {'lt': 1615990897}}}], 'results_returned': 100, 'shards': {'failed': 0, 'skipped': 0, 'successful': 4, 'total': 4}, 'size': 100, 'sort': 'desc', 'sort_type': 'created_utc', 'subreddit': ['wallstreetbets'], 'timed_out': False, 'total_results': 123629}
2021-03-19 16:28:49, psaw.PushshiftAPI, PushshiftAPI, _get, 175, DEBUG   :  URL: https://api.pushshift.io/reddit/submission/search
2021-03-19 16:28:49, psaw.PushshiftAPI, PushshiftAPI, _get, 176, DEBUG   :  Payload: {'after': 1613710800, 'subreddit': 'wallstreetbets', 'filter': ['url', 'title', 'subreddit', 'created_utc'], 'limit': 200, 'metadata': 'true', 'sort': 'desc', 'before': 1615989641}
2021-03-19 16:28:49, urllib3.connectionpool, connectionpool, _new_conn, 971, DEBUG   :  Starting new HTTPS connection (1): api.pushshift.io:443
2021-03-19 16:28:49, urllib3.connectionpool, connectionpool, _make_request, 452, DEBUG   :  https://api.pushshift.io:443 "GET /reddit/submission/search?after=1613710800&subreddit=wallstreetbets&filter=url&filter=title&filter=subreddit&filter=created_utc&limit=200&metadata=true&sort=desc&before=1615989641 HTTP/1.1" 200 None
2021-03-19 16:28:49, psaw.PushshiftAPI, PushshiftAPI, _get, 185, INFO    :  https://api.pushshift.io/reddit/submission/search?after=1613710800&subreddit=wallstreetbets&filter=url&filter=title&filter=subreddit&filter=created_utc&limit=200&metadata=true&sort=desc&before=1615989641
2021-03-19 16:28:49, psaw.PushshiftAPI, PushshiftAPI, _get, 186, DEBUG   :  Response status code: 200
2021-03-19 16:28:49, psaw.PushshiftAPI, PushshiftAPI, _search, 246, DEBUG   :  Metadata: {'after': 1613710800, 'agg_size': 100, 'api_version': '3.0', 'before': 1615989641, 'es_query': {'query': {'bool': {'filter': {'bool': {'must': [{'terms': {'subreddit': ['wallstreetbets']}}, {'range': {'created_utc': {'gt': 1613710800}}}, {'range': {'created_utc': {'lt': 1615989641}}}], 'should': []}}, 'must_not': []}}, 'size': 100, 'sort': {'created_utc': 'desc'}}, 'execution_time_milliseconds': 253.62, 'filter': ['url', 'title', 'subreddit', 'created_utc'], 'index': 'rs_deltae', 'limit': '200', 'metadata': 'true', 'ranges': [{'range': {'created_utc': {'gt': 1613710800}}}, {'range': {'created_utc': {'lt': 1615989641}}}], 'results_returned': 100, 'shards': {'failed': 0, 'skipped': 0, 'successful': 4, 'total': 4}, 'size': 100, 'sort': 'desc', 'sort_type': 'created_utc', 'subreddit': ['wallstreetbets'], 'timed_out': False, 'total_results': 123529}
2021-03-19 16:28:49, psaw.PushshiftAPI, PushshiftAPI, _get, 175, DEBUG   :  URL: https://api.pushshift.io/reddit/submission/search
2021-03-19 16:28:49, psaw.PushshiftAPI, PushshiftAPI, _get, 176, DEBUG   :  Payload: {'after': 1613710800, 'subreddit': 'wallstreetbets', 'filter': ['url', 'title', 'subreddit', 'created_utc'], 'limit': 100, 'metadata': 'true', 'sort': 'desc', 'before': 1615988448}
2021-03-19 16:28:49, urllib3.connectionpool, connectionpool, _new_conn, 971, DEBUG   :  Starting new HTTPS connection (1): api.pushshift.io:443
2021-03-19 16:28:50, urllib3.connectionpool, connectionpool, _make_request, 452, DEBUG   :  https://api.pushshift.io:443 "GET /reddit/submission/search?after=1613710800&subreddit=wallstreetbets&filter=url&filter=title&filter=subreddit&filter=created_utc&limit=100&metadata=true&sort=desc&before=1615988448 HTTP/1.1" 200 None
2021-03-19 16:28:50, psaw.PushshiftAPI, PushshiftAPI, _get, 185, INFO    :  https://api.pushshift.io/reddit/submission/search?after=1613710800&subreddit=wallstreetbets&filter=url&filter=title&filter=subreddit&filter=created_utc&limit=100&metadata=true&sort=desc&before=1615988448
2021-03-19 16:28:50, psaw.PushshiftAPI, PushshiftAPI, _get, 186, DEBUG   :  Response status code: 200
2021-03-19 16:28:50, psaw.PushshiftAPI, PushshiftAPI, _search, 246, DEBUG   :  Metadata: {'after': 1613710800, 'agg_size': 100, 'api_version': '3.0', 'before': 1615988448, 'es_query': {'query': {'bool': {'filter': {'bool': {'must': [{'terms': {'subreddit': ['wallstreetbets']}}, {'range': {'created_utc': {'gt': 1613710800}}}, {'range': {'created_utc': {'lt': 1615988448}}}], 'should': []}}, 'must_not': []}}, 'size': 100, 'sort': {'created_utc': 'desc'}}, 'execution_time_milliseconds': 122.9, 'filter': ['url', 'title', 'subreddit', 'created_utc'], 'index': 'rs_deltae', 'limit': '100', 'metadata': 'true', 'ranges': [{'range': {'created_utc': {'gt': 1613710800}}}, {'range': {'created_utc': {'lt': 1615988448}}}], 'results_returned': 100, 'shards': {'failed': 0, 'skipped': 0, 'successful': 4, 'total': 4}, 'size': 100, 'sort': 'desc', 'sort_type': 'created_utc', 'subreddit': ['wallstreetbets'], 'timed_out': False, 'total_results': 123429}
